[*] Running ...
[*] Dataset loaded: E:\Projects\CO\reevo-main/problems/mkp_aco\dataset/train100_dataset.npz with 5 instances.
TypeError: only length-1 arrays can be converted to Python scalars

The above exception was the direct cause of the following exception:

Traceback (most recent call last):
  File "E:\Projects\CO\reevo-main/problems/mkp_aco/eval.py", line 58, in <module>
    obj = solve(prize, weight)
          ^^^^^^^^^^^^^^^^^^^^
  File "E:\Projects\CO\reevo-main/problems/mkp_aco/eval.py", line 23, in solve
    heu = heuristics(prize.copy(), weight.copy()) + 1e-9
          ^^^^^^^^^^^^^^^^^^^^^^^^^^^^^^^^^^^^^^^
  File "E:\Projects\CO\reevo-main\problems\mkp_aco\gpt.py", line 8, in heuristics_v2
    heuristics[i] = np.sum(prize) / np.sum(weight) - np.sum(prize) / (np.sum(weight) - weight[i]) * (1 + np.sum(weight[i] ** 0.5))
    ~~~~~~~~~~^^^
ValueError: setting an array element with a sequence.
