[*] Running ...
[*] Dataset loaded: /home/lars/workspace/COP/reevo_2/problems/mkp_aco/dataset/train100_dataset.npz with 5 instances.
Traceback (most recent call last):
  File "/home/lars/anaconda3/envs/reevo/lib/python3.11/site-packages/scipy/optimize/_differentialevolution.py", line 1146, in _calculate_population_energies
    calc_energies = list(
                    ^^^^^
  File "/home/lars/anaconda3/envs/reevo/lib/python3.11/site-packages/scipy/_lib/_util.py", line 360, in __call__
    return self.f(x, *self.args)
           ^^^^^^^^^^^^^^^^^^^^^
  File "/home/lars/workspace/COP/reevo_2/problems/mkp_aco/gpt.py", line 9, in fitness
    # Define the objective function for the differential evolution algorithm
                             ^^^^^^^^^^^^^^^^^^^
ValueError: operands could not be broadcast together with shapes (100,) (100,5) 

The above exception was the direct cause of the following exception:

Traceback (most recent call last):
  File "/home/lars/workspace/COP/reevo_2/problems/mkp_aco/eval.py", line 58, in <module>
    obj = solve(prize, weight)
          ^^^^^^^^^^^^^^^^^^^^
  File "/home/lars/workspace/COP/reevo_2/problems/mkp_aco/eval.py", line 23, in solve
    heu = heuristics(prize.copy(), weight.copy()) + 1e-9
          ^^^^^^^^^^^^^^^^^^^^^^^^^^^^^^^^^^^^^^^
  File "/home/lars/workspace/COP/reevo_2/problems/mkp_aco/gpt.py", line 17, in heuristics_v2
    # Calculate the penalty for exceeding the weight constraint
         ^^^^^^^^^^^^^^^^^^^^^^^^^^^^^^^^^^^^^^^^^^^^^^^^^^^^^^^
  File "/home/lars/anaconda3/envs/reevo/lib/python3.11/site-packages/scipy/optimize/_differentialevolution.py", line 402, in differential_evolution
    ret = solver.solve()
          ^^^^^^^^^^^^^^
  File "/home/lars/anaconda3/envs/reevo/lib/python3.11/site-packages/scipy/optimize/_differentialevolution.py", line 1013, in solve
    self._calculate_population_energies(
  File "/home/lars/anaconda3/envs/reevo/lib/python3.11/site-packages/scipy/optimize/_differentialevolution.py", line 1153, in _calculate_population_energies
    raise RuntimeError(
RuntimeError: The map-like callable must be of the form f(func, iterable), returning a sequence of numbers the same length as 'iterable'
