[*] Running ...
[*] Dataset loaded: D:\ProgramLanguages\Programs\Python\code-gen\reevo/problems/tsp_gls\dataset/train200_dataset.npy with 10 instances.
TypeError: only length-1 arrays can be converted to Python scalars

The above exception was the direct cause of the following exception:

Traceback (most recent call last):
  File "D:\ProgramLanguages\Programs\Python\code-gen\reevo/problems/tsp_gls/eval.py", line 51, in <module>
    obj = solve(instance)
          ^^^^^^^^^^^^^^^
  File "D:\ProgramLanguages\Programs\Python\code-gen\reevo/problems/tsp_gls/eval.py", line 21, in solve
    heu = heuristics(inst.distmat.copy())
          ^^^^^^^^^^^^^^^^^^^^^^^^^^^^^^^
  File "D:\ProgramLanguages\Programs\Python\code-gen\reevo\problems\tsp_gls\gpt.py", line 30, in heuristics_v2
ValueError: setting an array element with a sequence.
