Traceback (most recent call last):
  File "D:\ProgramLanguages\Programs\Python\code-gen\reevo_2\problems\cvrp_pomo\CVRPModel.py", line 8, in <module>
    from gpt import heuristics_v2 as heuristics
  File "D:\ProgramLanguages\Programs\Python\code-gen\reevo_2\problems\cvrp_pomo\gpt.py", line 31, in <module>
    heuristic_scores = heuristics_v2(distance_matrix, demands)
                       ^^^^^^^^^^^^^^^^^^^^^^^^^^^^^^^^^^^^^^^
  File "D:\ProgramLanguages\Programs\Python\code-gen\reevo_2\problems\cvrp_pomo\gpt.py", line 12, in heuristics_v2
    # Calculate the cost to serve each customer from the depot
                                                     ^^^^^^^^^^
RuntimeError: The size of tensor a (5) must match the size of tensor b (4) at non-singleton dimension 0

During handling of the above exception, another exception occurred:

Traceback (most recent call last):
  File "D:\ProgramLanguages\Programs\Python\code-gen\reevo_2/problems/cvrp_pomo/eval.py", line 26, in <module>
    from CVRPTester import CVRPTester as Tester
  File "D:\ProgramLanguages\Programs\Python\code-gen\reevo_2\problems\cvrp_pomo\CVRPTester.py", line 8, in <module>
    from CVRPModel import CVRPModel as Model
  File "D:\ProgramLanguages\Programs\Python\code-gen\reevo_2\problems\cvrp_pomo\CVRPModel.py", line 10, in <module>
    from gpt import heuristics
  File "D:\ProgramLanguages\Programs\Python\code-gen\reevo_2\problems\cvrp_pomo\gpt.py", line 31, in <module>
  File "D:\ProgramLanguages\Programs\Python\code-gen\reevo_2\problems\cvrp_pomo\gpt.py", line 12, in heuristics_v2
    # Calculate the cost to serve each customer from the depot
                                                     ^^^^^^^^^^
RuntimeError: The size of tensor a (5) must match the size of tensor b (4) at non-singleton dimension 0
