Traceback (most recent call last):
  File "D:\ProgramLanguages\Programs\Python\code-gen\reevo_2\problems\cvrp_lehd\VRPModel.py", line 6, in <module>
    from gpt import heuristics_v2 as heuristics
  File "D:\ProgramLanguages\Programs\Python\code-gen\reevo_2\problems\cvrp_lehd\gpt.py", line 3, in <module>
    from torch import nn, F
ImportError: cannot import name 'F' from 'torch' (D:\Conda_data\envs\reevo\Lib\site-packages\torch\__init__.py)

During handling of the above exception, another exception occurred:

Traceback (most recent call last):
  File "D:\ProgramLanguages\Programs\Python\code-gen\reevo_2/problems/cvrp_lehd/eval.py", line 15, in <module>
    from VRPTester import VRPTester as Tester
  File "D:\ProgramLanguages\Programs\Python\code-gen\reevo_2\problems\cvrp_lehd\VRPTester.py", line 4, in <module>
    from VRPModel import VRPModel as Model
  File "D:\ProgramLanguages\Programs\Python\code-gen\reevo_2\problems\cvrp_lehd\VRPModel.py", line 8, in <module>
    from gpt import heuristics
  File "D:\ProgramLanguages\Programs\Python\code-gen\reevo_2\problems\cvrp_lehd\gpt.py", line 3, in <module>
    import torch.nn.functional as F
    ^^^^^^^^^^^^^^^^^^^^^^^
ImportError: cannot import name 'F' from 'torch' (D:\Conda_data\envs\reevo\Lib\site-packages\torch\__init__.py)
