Traceback (most recent call last):
  File "D:\ProgramLanguages\Programs\Python\code-gen\reevo_2\problems\cvrp_pomo\CVRPModel.py", line 8, in <module>
    from gpt import heuristics_v2 as heuristics
  File "D:\ProgramLanguages\Programs\Python\code-gen\reevo_2\problems\cvrp_pomo\gpt.py", line 42, in <module>
    heuristic_matrix = heuristics_v2(distance_matrix, demands)
                       ^^^^^^^^^^^^^^^^^^^^^^^^^^^^^^^^^^^^^^^
  File "D:\ProgramLanguages\Programs\Python\code-gen\reevo_2\problems\cvrp_pomo\gpt.py", line 18, in heuristics_v2
    cluster_distances = torch.cdist(centroids, distance_matrix)
                        ^^^^^^^^^^^^^^^^^^^^^^^^^^^^^^^^^^^^^^^
  File "D:\Conda_data\envs\reevo\Lib\site-packages\torch\functional.py", line 1478, in cdist
    return _VF.cdist(x1, x2, p, None)  # type: ignore[attr-defined]
           ^^^^^^^^^^^^^^^^^^^^^^^^^^
RuntimeError: cdist only supports at least 2D tensors, X1 got: 1D

During handling of the above exception, another exception occurred:

Traceback (most recent call last):
  File "D:\ProgramLanguages\Programs\Python\code-gen\reevo_2/problems/cvrp_pomo/eval.py", line 26, in <module>
    from CVRPTester import CVRPTester as Tester
  File "D:\ProgramLanguages\Programs\Python\code-gen\reevo_2\problems\cvrp_pomo\CVRPTester.py", line 8, in <module>
    from CVRPModel import CVRPModel as Model
  File "D:\ProgramLanguages\Programs\Python\code-gen\reevo_2\problems\cvrp_pomo\CVRPModel.py", line 10, in <module>
    from gpt import heuristics
  File "D:\ProgramLanguages\Programs\Python\code-gen\reevo_2\problems\cvrp_pomo\gpt.py", line 42, in <module>
    heuristic_matrix = heuristics_v2(distance_matrix, demands)
                       ^^^^^^^^^^^^^^^^^^^^^^^^^^^^^^^^^^^^^^^
  File "D:\ProgramLanguages\Programs\Python\code-gen\reevo_2\problems\cvrp_pomo\gpt.py", line 18, in heuristics_v2
    cluster_distances = torch.cdist(centroids, distance_matrix)
                        ^^^^^^^^^^^^^^^^^^^^^^^^^^^^^^^^^^^^^^^
  File "D:\Conda_data\envs\reevo\Lib\site-packages\torch\functional.py", line 1478, in cdist
    return _VF.cdist(x1, x2, p, None)  # type: ignore[attr-defined]
           ^^^^^^^^^^^^^^^^^^^^^^^^^^
RuntimeError: cdist only supports at least 2D tensors, X1 got: 1D
