[*] Running ...
[*] Dataset loaded: E:\Projects\CO\reevo-main/problems/mkp_aco\dataset/train100_dataset.npz with 5 instances.
E:\Projects\CO\reevo-main\problems\mkp_aco\gpt.py:15: RuntimeWarning: divide by zero encountered in scalar divide
  normalized_score = score / np.sum(score[sparsity_vector])
Traceback (most recent call last):
  File "E:\Projects\CO\reevo-main/problems/mkp_aco/eval.py", line 58, in <module>
    obj = solve(prize, weight)
          ^^^^^^^^^^^^^^^^^^^^
  File "E:\Projects\CO\reevo-main/problems/mkp_aco/eval.py", line 24, in solve
    assert heu.shape == (n,)
           ^^^^^^^^^^^^^^^^^
AssertionError
